<?xml version="1.0" encoding="UTF-8"?>
<!-- Generated by org.testng.reporters.JUnitReportReporter -->
<testsuite hostname="SarahHasan" failures="0" tests="6" name="AlmosaferWeb.MyTestCases" time="1.678" errors="0" timestamp="2024-02-02T00:22:23 EET" skipped="5">
  <testcase classname="AlmosaferWeb.MyTestCases" name="RandomMethodToChangeTheLanaguage" time="1.678"/>
  <system-out/>
  <testcase classname="AlmosaferWeb.MyTestCases" name="CheckTheDefultLanaguageIsEnglish">
    <skipped/>
  </testcase> <!-- CheckTheDefultLanaguageIsEnglish -->
  <system-out/>
  <testcase classname="AlmosaferWeb.MyTestCases" name="CheckHotelTabsIsNotSelected">
    <skipped/>
  </testcase> <!-- CheckHotelTabsIsNotSelected -->
  <system-out/>
  <testcase classname="AlmosaferWeb.MyTestCases" name="CheckQitafLogo">
    <skipped/>
  </testcase> <!-- CheckQitafLogo -->
  <system-out/>
  <testcase classname="AlmosaferWeb.MyTestCases" name="CheckContactNumber">
    <skipped/>
  </testcase> <!-- CheckContactNumber -->
  <system-out/>
  <testcase classname="AlmosaferWeb.MyTestCases" name="CheckTheDefultCurrencyIsSAR">
    <skipped/>
  </testcase> <!-- CheckTheDefultCurrencyIsSAR -->
  <system-out/>
</testsuite> <!-- AlmosaferWeb.MyTestCases -->
