<?xml version="1.0" encoding="UTF-8"?>
<!-- Generated by org.testng.reporters.JUnitReportReporter -->
<testsuite hostname="SarahHasan" failures="0" tests="8" name="AlmosaferWeb.MyTestCases" time="3.443" errors="0" timestamp="2024-02-02T22:50:08 EET" skipped="6">
  <testcase classname="AlmosaferWeb.MyTestCases" name="RandomMethodToChangeTheLanaguage" time="2.142"/>
  <system-out/>
  <testcase classname="AlmosaferWeb.MyTestCases" name="SwitchToHotelTab" time="1.301"/>
  <system-out/>
  <testcase classname="AlmosaferWeb.MyTestCases" name="CheckTheDefultLanaguageIsEnglish">
    <skipped/>
  </testcase> <!-- CheckTheDefultLanaguageIsEnglish -->
  <system-out/>
  <testcase classname="AlmosaferWeb.MyTestCases" name="CheckHotelTabsIsNotSelected">
    <skipped/>
  </testcase> <!-- CheckHotelTabsIsNotSelected -->
  <system-out/>
  <testcase classname="AlmosaferWeb.MyTestCases" name="CheckQitafLogo">
    <skipped/>
  </testcase> <!-- CheckQitafLogo -->
  <system-out/>
  <testcase classname="AlmosaferWeb.MyTestCases" name="CheckContactNumber">
    <skipped/>
  </testcase> <!-- CheckContactNumber -->
  <system-out/>
  <testcase classname="AlmosaferWeb.MyTestCases" name="CheckTheDefultCurrencyIsSAR">
    <skipped/>
  </testcase> <!-- CheckTheDefultCurrencyIsSAR -->
  <system-out/>
  <testcase classname="AlmosaferWeb.MyTestCases" name="CheckDepatureDateAndReturnDate">
    <skipped/>
  </testcase> <!-- CheckDepatureDateAndReturnDate -->
  <system-out/>
</testsuite> <!-- AlmosaferWeb.MyTestCases -->
